# Logfile created on 2019-06-25 13:19:30 +0700 by logger.rb/56815
  INFO ---------------------------------------------------------------------------
  INFO START 2019-06-25 13:19:30 +0700 cap production deploy:check
  INFO ---------------------------------------------------------------------------
  INFO ---------------------------------------------------------------------------
  INFO START 2019-06-25 13:19:51 +0700 cap production deploy:check
  INFO ---------------------------------------------------------------------------
  INFO ---------------------------------------------------------------------------
  INFO START 2019-06-25 13:20:44 +0700 cap production deploy:check:directories
  INFO ---------------------------------------------------------------------------
  INFO ---------------------------------------------------------------------------
  INFO START 2019-06-25 13:20:56 +0700 cap production deploy:check:directories
  INFO ---------------------------------------------------------------------------
  INFO ---------------------------------------------------------------------------
  INFO START 2019-06-25 13:21:12 +0700 cap production deploy
  INFO ---------------------------------------------------------------------------
  INFO ---------------------------------------------------------------------------
  INFO START 2019-06-25 13:21:15 +0700 cap production deploy
  INFO ---------------------------------------------------------------------------
  INFO ---------------------------------------------------------------------------
  INFO START 2019-06-25 13:23:18 +0700 cap production deploy:initial
  INFO ---------------------------------------------------------------------------
  INFO ---------------------------------------------------------------------------
  INFO START 2019-06-25 13:23:57 +0700 cap production doctor
  INFO ---------------------------------------------------------------------------
  INFO ---------------------------------------------------------------------------
  INFO START 2019-06-25 13:24:51 +0700 cap production deploy:check
  INFO ---------------------------------------------------------------------------
  INFO [d4d56486] Running /usr/bin/env mkdir -p /tmp as deployer@easyquote.pw
 DEBUG [d4d56486] Command: /usr/bin/env mkdir -p /tmp
  INFO [0f74886a] Finished in 2.748 seconds with exit status 0 (successful).
 DEBUG Uploading /tmp/git-ssh-elterium-production-retgoat.sh 0.0%
  INFO Uploading /tmp/git-ssh-elterium-production-retgoat.sh 100.0%
  INFO [d2b67c5e] Running /usr/bin/env chmod 700 /tmp/git-ssh-elterium-production-retgoat.sh as deployer@easyquote.pw
 DEBUG [d2b67c5e] Command: /usr/bin/env chmod 700 /tmp/git-ssh-elterium-production-retgoat.sh
  INFO [19baa770] Finished in 0.273 seconds with exit status 0 (successful).
  INFO [cc2ac6b0] Running /usr/bin/env git ls-remote git@github.com:retgoat/elterium.git HEAD as deployer@easyquote.pw
 DEBUG [cc2ac6b0] Command: ( export GIT_ASKPASS="/bin/echo" GIT_SSH="/tmp/git-ssh-elterium-production-retgoat.sh" ; /usr/bin/env git ls-remote git@github.com:retgoat/elterium.git HEAD )
 DEBUG [cf214537] 	a69025f4d0a3207857deed68e4828d4f0296a679	HEAD
  INFO [cf214537] Finished in 1.945 seconds with exit status 0 (successful).
  INFO [d477d33b] Running /usr/bin/env mkdir -p /home/deployer/web_apps/elterium.com/shared /home/deployer/web_apps/elterium.com/releases as deployer@easyquote.pw
 DEBUG [d477d33b] Command: /usr/bin/env mkdir -p /home/deployer/web_apps/elterium.com/shared /home/deployer/web_apps/elterium.com/releases
  INFO [c7e1bcc1] Finished in 0.272 seconds with exit status 0 (successful).
  INFO ---------------------------------------------------------------------------
  INFO START 2019-06-25 13:25:02 +0700 cap production deploy
  INFO ---------------------------------------------------------------------------
  INFO [38183d78] Running /usr/bin/env mkdir -p /tmp as deployer@easyquote.pw
 DEBUG [38183d78] Command: /usr/bin/env mkdir -p /tmp
  INFO [7371bc7b] Finished in 1.944 seconds with exit status 0 (successful).
 DEBUG Uploading /tmp/git-ssh-elterium-production-retgoat.sh 0.0%
  INFO Uploading /tmp/git-ssh-elterium-production-retgoat.sh 100.0%
  INFO [85cbe77c] Running /usr/bin/env chmod 700 /tmp/git-ssh-elterium-production-retgoat.sh as deployer@easyquote.pw
 DEBUG [85cbe77c] Command: /usr/bin/env chmod 700 /tmp/git-ssh-elterium-production-retgoat.sh
  INFO [545a7a3d] Finished in 0.267 seconds with exit status 0 (successful).
  INFO [f9abf531] Running /usr/bin/env git ls-remote git@github.com:retgoat/elterium.git HEAD as deployer@easyquote.pw
 DEBUG [f9abf531] Command: ( export GIT_ASKPASS="/bin/echo" GIT_SSH="/tmp/git-ssh-elterium-production-retgoat.sh" ; /usr/bin/env git ls-remote git@github.com:retgoat/elterium.git HEAD )
 DEBUG [1ca03ecb] 	a69025f4d0a3207857deed68e4828d4f0296a679	HEAD
  INFO [1ca03ecb] Finished in 2.650 seconds with exit status 0 (successful).
  INFO [4367a282] Running /usr/bin/env mkdir -p /home/deployer/web_apps/elterium.com/shared /home/deployer/web_apps/elterium.com/releases as deployer@easyquote.pw
 DEBUG [4367a282] Command: /usr/bin/env mkdir -p /home/deployer/web_apps/elterium.com/shared /home/deployer/web_apps/elterium.com/releases
  INFO [6ebb10a3] Finished in 0.275 seconds with exit status 0 (successful).
 DEBUG [fe7c20d6] Running [ -f /home/deployer/web_apps/elterium.com/current/REVISION ] as deployer@easyquote.pw
 DEBUG [fe7c20d6] Command: [ -f /home/deployer/web_apps/elterium.com/current/REVISION ]
 DEBUG [c7bd74aa] Finished in 0.269 seconds with exit status 1 (failed).
 DEBUG [ab476df6] Running [ -f /home/deployer/web_apps/elterium.com/repo/HEAD ] as deployer@easyquote.pw
 DEBUG [ab476df6] Command: [ -f /home/deployer/web_apps/elterium.com/repo/HEAD ]
 DEBUG [a410c7ec] Finished in 0.269 seconds with exit status 1 (failed).
 DEBUG [02038e98] Running if test ! -d /home/deployer/web_apps/elterium.com; then echo "Directory does not exist '/home/deployer/web_apps/elterium.com'" 1>&2; false; fi as deployer@easyquote.pw
 DEBUG [02038e98] Command: if test ! -d /home/deployer/web_apps/elterium.com; then echo "Directory does not exist '/home/deployer/web_apps/elterium.com'" 1>&2; false; fi
 DEBUG [20d9e6f9] Finished in 0.270 seconds with exit status 0 (successful).
  INFO [a479d8f4] Running /usr/bin/env git clone --mirror git@github.com:retgoat/elterium.git /home/deployer/web_apps/elterium.com/repo as deployer@easyquote.pw
 DEBUG [a479d8f4] Command: cd /home/deployer/web_apps/elterium.com && ( export GIT_ASKPASS="/bin/echo" GIT_SSH="/tmp/git-ssh-elterium-production-retgoat.sh" ; /usr/bin/env git clone --mirror git@github.com:retgoat/elterium.git /home/deployer/web_apps/elterium.com/repo )
 DEBUG [7fe49429] 	Cloning into bare repository '/home/deployer/web_apps/elterium.com/repo'...
  INFO [7fe49429] Finished in 2.600 seconds with exit status 0 (successful).
 DEBUG [62bbfa93] Running if test ! -d /home/deployer/web_apps/elterium.com/repo; then echo "Directory does not exist '/home/deployer/web_apps/elterium.com/repo'" 1>&2; false; fi as deployer@easyquote.pw
 DEBUG [62bbfa93] Command: if test ! -d /home/deployer/web_apps/elterium.com/repo; then echo "Directory does not exist '/home/deployer/web_apps/elterium.com/repo'" 1>&2; false; fi
 DEBUG [5b06c37d] Finished in 0.270 seconds with exit status 0 (successful).
  INFO [5bf9c61b] Running /usr/bin/env git remote set-url origin git@github.com:retgoat/elterium.git as deployer@easyquote.pw
 DEBUG [5bf9c61b] Command: cd /home/deployer/web_apps/elterium.com/repo && ( export GIT_ASKPASS="/bin/echo" GIT_SSH="/tmp/git-ssh-elterium-production-retgoat.sh" ; /usr/bin/env git remote set-url origin git@github.com:retgoat/elterium.git )
  INFO [6787002c] Finished in 0.278 seconds with exit status 0 (successful).
  INFO [cddaa6b9] Running /usr/bin/env git remote update --prune as deployer@easyquote.pw
 DEBUG [cddaa6b9] Command: cd /home/deployer/web_apps/elterium.com/repo && ( export GIT_ASKPASS="/bin/echo" GIT_SSH="/tmp/git-ssh-elterium-production-retgoat.sh" ; /usr/bin/env git remote update --prune )
 DEBUG [700f8509] 	Fetching origin
  INFO [700f8509] Finished in 1.907 seconds with exit status 0 (successful).
 DEBUG [028629b1] Running if test ! -d /home/deployer/web_apps/elterium.com/repo; then echo "Directory does not exist '/home/deployer/web_apps/elterium.com/repo'" 1>&2; false; fi as deployer@easyquote.pw
 DEBUG [028629b1] Command: if test ! -d /home/deployer/web_apps/elterium.com/repo; then echo "Directory does not exist '/home/deployer/web_apps/elterium.com/repo'" 1>&2; false; fi
 DEBUG [74562796] Finished in 0.269 seconds with exit status 0 (successful).
  INFO [20ec2f72] Running /usr/bin/env mkdir -p /home/deployer/web_apps/elterium.com/releases/20190625062508 as deployer@easyquote.pw
 DEBUG [20ec2f72] Command: cd /home/deployer/web_apps/elterium.com/repo && ( export GIT_ASKPASS="/bin/echo" GIT_SSH="/tmp/git-ssh-elterium-production-retgoat.sh" ; /usr/bin/env mkdir -p /home/deployer/web_apps/elterium.com/releases/20190625062508 )
  INFO [06fd202a] Finished in 0.278 seconds with exit status 0 (successful).
  INFO [f6f10e5a] Running /usr/bin/env git archive master | /usr/bin/env tar -x -f - -C /home/deployer/web_apps/elterium.com/releases/20190625062508 as deployer@easyquote.pw
 DEBUG [f6f10e5a] Command: cd /home/deployer/web_apps/elterium.com/repo && ( export GIT_ASKPASS="/bin/echo" GIT_SSH="/tmp/git-ssh-elterium-production-retgoat.sh" ; /usr/bin/env git archive master | /usr/bin/env tar -x -f - -C /home/deployer/web_apps/elterium.com/releases/20190625062508 )
  INFO [f7fcaa83] Finished in 0.295 seconds with exit status 0 (successful).
 DEBUG [fe85e51e] Running if test ! -d /home/deployer/web_apps/elterium.com/repo; then echo "Directory does not exist '/home/deployer/web_apps/elterium.com/repo'" 1>&2; false; fi as deployer@easyquote.pw
 DEBUG [fe85e51e] Command: if test ! -d /home/deployer/web_apps/elterium.com/repo; then echo "Directory does not exist '/home/deployer/web_apps/elterium.com/repo'" 1>&2; false; fi
 DEBUG [d1d88235] Finished in 0.269 seconds with exit status 0 (successful).
 DEBUG [b836d5e9] Running /usr/bin/env git rev-list --max-count=1 master as deployer@easyquote.pw
 DEBUG [b836d5e9] Command: cd /home/deployer/web_apps/elterium.com/repo && ( export GIT_ASKPASS="/bin/echo" GIT_SSH="/tmp/git-ssh-elterium-production-retgoat.sh" ; /usr/bin/env git rev-list --max-count=1 master )
 DEBUG [6b8c26a8] 	a69025f4d0a3207857deed68e4828d4f0296a679
 DEBUG [6b8c26a8] Finished in 0.278 seconds with exit status 0 (successful).
 DEBUG [522388de] Running if test ! -d /home/deployer/web_apps/elterium.com/releases/20190625062508; then echo "Directory does not exist '/home/deployer/web_apps/elterium.com/releases/20190625062508'" 1>&2; false; fi as deployer@easyquote.pw
 DEBUG [522388de] Command: if test ! -d /home/deployer/web_apps/elterium.com/releases/20190625062508; then echo "Directory does not exist '/home/deployer/web_apps/elterium.com/releases/20190625062508'" 1>&2; false; fi
 DEBUG [54fcb0d4] Finished in 0.270 seconds with exit status 0 (successful).
  INFO [fd397893] Running /usr/bin/env echo "a69025f4d0a3207857deed68e4828d4f0296a679" > REVISION as deployer@easyquote.pw
 DEBUG [fd397893] Command: cd /home/deployer/web_apps/elterium.com/releases/20190625062508 && /usr/bin/env echo "a69025f4d0a3207857deed68e4828d4f0296a679" > REVISION
  INFO [84cd30a7] Finished in 0.274 seconds with exit status 0 (successful).
 DEBUG [1217f712] Running if test ! -d /home/deployer/web_apps/elterium.com/releases/20190625062508; then echo "Directory does not exist '/home/deployer/web_apps/elterium.com/releases/20190625062508'" 1>&2; false; fi as deployer@easyquote.pw
 DEBUG [1217f712] Command: if test ! -d /home/deployer/web_apps/elterium.com/releases/20190625062508; then echo "Directory does not exist '/home/deployer/web_apps/elterium.com/releases/20190625062508'" 1>&2; false; fi
 DEBUG [2b2c6f40] Finished in 0.271 seconds with exit status 0 (successful).
 DEBUG [565e2355] Running /usr/bin/env bundle check --path /home/deployer/web_apps/elterium.com/shared/bundle as deployer@easyquote.pw
 DEBUG [565e2355] Command: cd /home/deployer/web_apps/elterium.com/releases/20190625062508 && /usr/bin/env bundle check --path /home/deployer/web_apps/elterium.com/shared/bundle
 DEBUG [e32b2e9e] 	/usr/bin/env: ‘bundle’
 DEBUG [e32b2e9e] 	: No such file or directory
 DEBUG [e32b2e9e] Finished in 0.275 seconds with exit status 127 (failed).
  INFO [ac7426c7] Running /usr/bin/env bundle install --path /home/deployer/web_apps/elterium.com/shared/bundle --jobs 4 --without development test --deployment --quiet as deployer@easyquote.pw
 DEBUG [ac7426c7] Command: cd /home/deployer/web_apps/elterium.com/releases/20190625062508 && /usr/bin/env bundle install --path /home/deployer/web_apps/elterium.com/shared/bundle --jobs 4 --without development test --deployment --quiet
 DEBUG [9124dbe5] 	/usr/bin/env: ‘bundle’
 DEBUG [9124dbe5] 	: No such file or directory
  INFO ---------------------------------------------------------------------------
  INFO START 2019-06-25 13:27:00 +0700 cap production deploy
  INFO ---------------------------------------------------------------------------
  INFO [2aee68c9] Running /usr/bin/env mkdir -p /tmp as deployer@easyquote.pw
 DEBUG [2aee68c9] Command: /usr/bin/env mkdir -p /tmp
  INFO [a65880e2] Finished in 1.913 seconds with exit status 0 (successful).
 DEBUG Uploading /tmp/git-ssh-elterium-production-retgoat.sh 0.0%
  INFO Uploading /tmp/git-ssh-elterium-production-retgoat.sh 100.0%
  INFO [7b22e6ae] Running /usr/bin/env chmod 700 /tmp/git-ssh-elterium-production-retgoat.sh as deployer@easyquote.pw
 DEBUG [7b22e6ae] Command: /usr/bin/env chmod 700 /tmp/git-ssh-elterium-production-retgoat.sh
  INFO [d2de55c1] Finished in 0.277 seconds with exit status 0 (successful).
  INFO [e907ba92] Running /usr/bin/env git ls-remote git@github.com:retgoat/elterium.git HEAD as deployer@easyquote.pw
 DEBUG [e907ba92] Command: ( export GIT_ASKPASS="/bin/echo" GIT_SSH="/tmp/git-ssh-elterium-production-retgoat.sh" ; /usr/bin/env git ls-remote git@github.com:retgoat/elterium.git HEAD )
 DEBUG [63e41c1f] 	a69025f4d0a3207857deed68e4828d4f0296a679	HEAD
  INFO [63e41c1f] Finished in 3.017 seconds with exit status 0 (successful).
  INFO [dd9a4fc0] Running /usr/bin/env mkdir -p /home/deployer/web_apps/elterium.com/shared /home/deployer/web_apps/elterium.com/releases as deployer@easyquote.pw
 DEBUG [dd9a4fc0] Command: /usr/bin/env mkdir -p /home/deployer/web_apps/elterium.com/shared /home/deployer/web_apps/elterium.com/releases
  INFO [7f38454f] Finished in 0.272 seconds with exit status 0 (successful).
 DEBUG [ff281f74] Running [ -f /home/deployer/web_apps/elterium.com/current/REVISION ] as deployer@easyquote.pw
 DEBUG [ff281f74] Command: [ -f /home/deployer/web_apps/elterium.com/current/REVISION ]
 DEBUG [8f797e6a] Finished in 0.267 seconds with exit status 1 (failed).
 DEBUG [6cb50c81] Running [ -f /home/deployer/web_apps/elterium.com/repo/HEAD ] as deployer@easyquote.pw
 DEBUG [6cb50c81] Command: [ -f /home/deployer/web_apps/elterium.com/repo/HEAD ]
 DEBUG [f3873f5c] Finished in 0.269 seconds with exit status 0 (successful).
  INFO The repository mirror is at /home/deployer/web_apps/elterium.com/repo
 DEBUG [0fb56723] Running if test ! -d /home/deployer/web_apps/elterium.com/repo; then echo "Directory does not exist '/home/deployer/web_apps/elterium.com/repo'" 1>&2; false; fi as deployer@easyquote.pw
 DEBUG [0fb56723] Command: if test ! -d /home/deployer/web_apps/elterium.com/repo; then echo "Directory does not exist '/home/deployer/web_apps/elterium.com/repo'" 1>&2; false; fi
 DEBUG [21da1605] Finished in 0.271 seconds with exit status 0 (successful).
  INFO [7a7a980f] Running /usr/bin/env git remote set-url origin git@github.com:retgoat/elterium.git as deployer@easyquote.pw
 DEBUG [7a7a980f] Command: cd /home/deployer/web_apps/elterium.com/repo && ( export GIT_ASKPASS="/bin/echo" GIT_SSH="/tmp/git-ssh-elterium-production-retgoat.sh" ; /usr/bin/env git remote set-url origin git@github.com:retgoat/elterium.git )
  INFO [4c07c352] Finished in 0.285 seconds with exit status 0 (successful).
  INFO [6bee0493] Running /usr/bin/env git remote update --prune as deployer@easyquote.pw
 DEBUG [6bee0493] Command: cd /home/deployer/web_apps/elterium.com/repo && ( export GIT_ASKPASS="/bin/echo" GIT_SSH="/tmp/git-ssh-elterium-production-retgoat.sh" ; /usr/bin/env git remote update --prune )
 DEBUG [f7d58f1b] 	Fetching origin
  INFO [f7d58f1b] Finished in 1.807 seconds with exit status 0 (successful).
 DEBUG [ad5ae3d2] Running if test ! -d /home/deployer/web_apps/elterium.com/repo; then echo "Directory does not exist '/home/deployer/web_apps/elterium.com/repo'" 1>&2; false; fi as deployer@easyquote.pw
 DEBUG [ad5ae3d2] Command: if test ! -d /home/deployer/web_apps/elterium.com/repo; then echo "Directory does not exist '/home/deployer/web_apps/elterium.com/repo'" 1>&2; false; fi
 DEBUG [bfc925c6] Finished in 0.268 seconds with exit status 0 (successful).
  INFO [1c75538b] Running /usr/bin/env mkdir -p /home/deployer/web_apps/elterium.com/releases/20190625062706 as deployer@easyquote.pw
 DEBUG [1c75538b] Command: cd /home/deployer/web_apps/elterium.com/repo && ( export GIT_ASKPASS="/bin/echo" GIT_SSH="/tmp/git-ssh-elterium-production-retgoat.sh" ; /usr/bin/env mkdir -p /home/deployer/web_apps/elterium.com/releases/20190625062706 )
  INFO [307a6628] Finished in 0.273 seconds with exit status 0 (successful).
  INFO [a080d5d2] Running /usr/bin/env git archive master | /usr/bin/env tar -x -f - -C /home/deployer/web_apps/elterium.com/releases/20190625062706 as deployer@easyquote.pw
 DEBUG [a080d5d2] Command: cd /home/deployer/web_apps/elterium.com/repo && ( export GIT_ASKPASS="/bin/echo" GIT_SSH="/tmp/git-ssh-elterium-production-retgoat.sh" ; /usr/bin/env git archive master | /usr/bin/env tar -x -f - -C /home/deployer/web_apps/elterium.com/releases/20190625062706 )
  INFO [9e413e6e] Finished in 0.313 seconds with exit status 0 (successful).
 DEBUG [3bfad0a4] Running if test ! -d /home/deployer/web_apps/elterium.com/repo; then echo "Directory does not exist '/home/deployer/web_apps/elterium.com/repo'" 1>&2; false; fi as deployer@easyquote.pw
 DEBUG [3bfad0a4] Command: if test ! -d /home/deployer/web_apps/elterium.com/repo; then echo "Directory does not exist '/home/deployer/web_apps/elterium.com/repo'" 1>&2; false; fi
 DEBUG [ec314c1e] Finished in 0.261 seconds with exit status 0 (successful).
 DEBUG [f52ff615] Running /usr/bin/env git rev-list --max-count=1 master as deployer@easyquote.pw
 DEBUG [f52ff615] Command: cd /home/deployer/web_apps/elterium.com/repo && ( export GIT_ASKPASS="/bin/echo" GIT_SSH="/tmp/git-ssh-elterium-production-retgoat.sh" ; /usr/bin/env git rev-list --max-count=1 master )
 DEBUG [0c963ade] 	a69025f4d0a3207857deed68e4828d4f0296a679
 DEBUG [0c963ade] Finished in 0.271 seconds with exit status 0 (successful).
 DEBUG [c5111599] Running if test ! -d /home/deployer/web_apps/elterium.com/releases/20190625062706; then echo "Directory does not exist '/home/deployer/web_apps/elterium.com/releases/20190625062706'" 1>&2; false; fi as deployer@easyquote.pw
 DEBUG [c5111599] Command: if test ! -d /home/deployer/web_apps/elterium.com/releases/20190625062706; then echo "Directory does not exist '/home/deployer/web_apps/elterium.com/releases/20190625062706'" 1>&2; false; fi
 DEBUG [626b554f] Finished in 0.267 seconds with exit status 0 (successful).
  INFO [f8ada93f] Running /usr/bin/env echo "a69025f4d0a3207857deed68e4828d4f0296a679" > REVISION as deployer@easyquote.pw
 DEBUG [f8ada93f] Command: cd /home/deployer/web_apps/elterium.com/releases/20190625062706 && /usr/bin/env echo "a69025f4d0a3207857deed68e4828d4f0296a679" > REVISION
  INFO [dbbbb2d5] Finished in 0.273 seconds with exit status 0 (successful).
 DEBUG [0bf88a40] Running if test ! -d /home/deployer/web_apps/elterium.com/releases/20190625062706; then echo "Directory does not exist '/home/deployer/web_apps/elterium.com/releases/20190625062706'" 1>&2; false; fi as deployer@easyquote.pw
 DEBUG [0bf88a40] Command: if test ! -d /home/deployer/web_apps/elterium.com/releases/20190625062706; then echo "Directory does not exist '/home/deployer/web_apps/elterium.com/releases/20190625062706'" 1>&2; false; fi
 DEBUG [ce45fc07] Finished in 0.268 seconds with exit status 0 (successful).
 DEBUG [b1398ed9] Running /usr/bin/env bundle check --path /home/deployer/web_apps/elterium.com/shared/bundle as deployer@easyquote.pw
 DEBUG [b1398ed9] Command: cd /home/deployer/web_apps/elterium.com/releases/20190625062706 && /usr/bin/env bundle check --path /home/deployer/web_apps/elterium.com/shared/bundle
 DEBUG [c05423f2] 	/usr/bin/env: ‘bundle’
 DEBUG [c05423f2] 	: No such file or directory
 DEBUG [c05423f2] Finished in 0.270 seconds with exit status 127 (failed).
  INFO [5a44ad4b] Running /usr/bin/env bundle install --path /home/deployer/web_apps/elterium.com/shared/bundle --jobs 4 --without development test --deployment --quiet as deployer@easyquote.pw
 DEBUG [5a44ad4b] Command: cd /home/deployer/web_apps/elterium.com/releases/20190625062706 && /usr/bin/env bundle install --path /home/deployer/web_apps/elterium.com/shared/bundle --jobs 4 --without development test --deployment --quiet
 DEBUG [40e0e672] 	/usr/bin/env: ‘bundle’
 DEBUG [40e0e672] 	: No such file or directory
